Build started 3/15/2015 1:21:23 AM.
     1>Project "E:\ADDevZone\VisualStudioProjects\Bruce2\Bruce2\Bruce2.vcxproj" on node 2 (Build target(s)).
     1>ClCompile:
         E:\Microsoft Visual Studio 12.0\VC\bin\CL.exe /c /Zi /nologo /W3 /WX- /sdl /O2 /Oi /Oy- /GL /D _MBCS /Gm- /EHsc /MD /GS /Gy /fp:precise /Zc:wchar_t /Zc:forScope /Fo"Release\\" /Fd"Release\vc120.pdb" /Gd /TP /analyze- /errorReport:prompt main.cpp
         main.cpp
       Link:
         E:\Microsoft Visual Studio 12.0\VC\bin\link.exe /ERRORREPORT:PROMPT /OUT:"E:\ADDevZone\VisualStudioProjects\Bruce2\Release\Bruce2.exe" /NOLOGO SDL2.lib SDL2main.lib SDL2_image.lib SDL2_ttf.lib SDL2_mixer.lib kernel32.lib user32.lib gdi32.lib winspool.lib comdlg32.lib advapi32.lib shell32.lib ole32.lib oleaut32.lib uuid.lib odbc32.lib odbccp32.lib /MANIFEST /MANIFESTUAC:"level='asInvoker' uiAccess='false'" /manifest:embed /DEBUG /PDB:"E:\ADDevZone\VisualStudioProjects\Bruce2\Release\Bruce2.pdb" /SUBSYSTEM:CONSOLE /OPT:REF /OPT:ICF /LTCG /TLBID:1 /DYNAMICBASE /NXCOMPAT /IMPLIB:"E:\ADDevZone\VisualStudioProjects\Bruce2\Release\Bruce2.lib" /MACHINE:X86 /SAFESEH Release\AMouse.obj
         Release\ATexture.obj
         Release\AwcColor.obj
         Release\AwcUtility.obj
         Release\AwcVector2D.obj
         Release\AWindow.obj
         Release\InputHandler.obj
         Release\main.obj
         Generating code
         Finished generating code
         Bruce2.vcxproj -> E:\ADDevZone\VisualStudioProjects\Bruce2\Release\Bruce2.exe
     1>Done Building Project "E:\ADDevZone\VisualStudioProjects\Bruce2\Bruce2\Bruce2.vcxproj" (Build target(s)).

Build succeeded.

Time Elapsed 00:00:01.92
